\BOOKMARK [0][]{chapter.7}{1 Introduction}{}% 1
\BOOKMARK [1][]{section.8}{1.1 Overview/Motivation}{chapter.7}% 2
\BOOKMARK [1][]{section.9}{1.2 Related Work}{chapter.7}% 3
\BOOKMARK [1][]{section.10}{1.3 Contribution/Organization of work}{chapter.7}% 4
\BOOKMARK [1][]{section.11}{1.4 Background}{chapter.7}% 5
\BOOKMARK [0][]{chapter.12}{2 Semi-dicrete Optimal Transport}{}% 6
\BOOKMARK [1][]{section.14}{2.1 Problem}{chapter.12}% 7
\BOOKMARK [1][]{section.16}{2.2 Approach}{chapter.12}% 8
\BOOKMARK [1][]{section.18}{2.3 Characterization of the Optimal Transport Map}{chapter.12}% 9
\BOOKMARK [1][]{section.39}{2.4 Basic Algorithm}{chapter.12}% 10
\BOOKMARK [0][]{chapter.44}{3 Multi-Layer Approach}{}% 11
\BOOKMARK [1][]{section.45}{3.1 To Define, Muli-scale?}{chapter.44}% 12
\BOOKMARK [1][]{section.55}{3.2 Algorithm \(ASGD\)}{chapter.44}% 13
\BOOKMARK [0][]{chapter.56}{4 Application: Texture Synthesis}{}% 14
\BOOKMARK [1][]{section.57}{4.1 Patch distributions}{chapter.56}% 15
\BOOKMARK [2][]{subsection.58}{4.1.1 Source Distribution}{section.57}% 16
\BOOKMARK [3][]{section*.59}{Gaussian Random Fields \(Gaussian Synthesis\)}{subsection.58}% 17
\BOOKMARK [3][]{section*.60}{Gaussian Mixture Models}{subsection.58}% 18
\BOOKMARK [3][]{section*.61}{Gaussian patches distribution and properties}{subsection.58}% 19
\BOOKMARK [2][]{subsection.62}{4.1.2 Target Distribution}{section.57}% 20
\BOOKMARK [3][]{section*.63}{Emprirical patch distribution and simplifications}{subsection.62}% 21
\BOOKMARK [1][]{section.64}{4.2 Optimal Transport in Patch Space}{chapter.56}% 22
\BOOKMARK [2][]{subsection.65}{4.2.1 Local Transformations \(Patch convolutions\)}{section.64}% 23
\BOOKMARK [0][]{chapter.66}{5 Conclusion}{}% 24
